[    0.000000] Linux version 4.15.0-159-generic (buildd@lgw01-amd64-055) (gcc version 7.5.0 (Ubuntu 7.5.0-3ubuntu1~18.04)) #167-Ubuntu SMP Tue Sep 21 08:55:05 UTC 2021 (Ubuntu 4.15.0-159.167-generic 4.15.18)
[    0.000000] Command line: BOOT_IMAGE=/boot/vmlinuz-4.15.0-159-generic root=LABEL=cloudimg-rootfs ro console=tty1 console=ttyS0
[    0.000000] KERNEL supported cpus:
[    0.000000]   Intel GenuineIntel
[    0.000000]   AMD AuthenticAMD
[    0.000000]   Centaur CentaurHauls
[    0.000000] x86/fpu: x87 FPU will use FXSAVE
[    0.000000] e820: BIOS-provided physical RAM map:
[    0.000000] BIOS-e820: [mem 0x0000000000000000-0x000000000009fbff] usable
[    0.000000] BIOS-e820: [mem 0x000000000009fc00-0x000000000009ffff] reserved
[    0.000000] BIOS-e820: [mem 0x00000000000f0000-0x00000000000fffff] reserved
[    0.000000] BIOS-e820: [mem 0x0000000000100000-0x000000007ffeffff] usable
[    0.000000] BIOS-e820: [mem 0x000000007fff0000-0x000000007fffffff] ACPI data
[    0.000000] BIOS-e820: [mem 0x00000000fec00000-0x00000000fec00fff] reserved
[    0.000000] BIOS-e820: [mem 0x00000000fee00000-0x00000000fee00fff] reserved
[    0.000000] BIOS-e820: [mem 0x00000000fffc0000-0x00000000ffffffff] reserved
[    0.000000] NX (Execute Disable) protection: active
[    0.000000] SMBIOS 2.5 present.
[    0.000000] DMI: innotek GmbH VirtualBox/VirtualBox, BIOS VirtualBox 12/01/2006
[    0.000000] Hypervisor detected: KVM
[    0.000000] e820: last_pfn = 0x7fff0 max_arch_pfn = 0x400000000
[    0.000000] MTRR: Disabled
[    0.000000] x86/PAT: MTRRs disabled, skipping PAT initialization too.
[    0.000000] CPU MTRRs all blank - virtualized system.
[    0.000000] x86/PAT: Configuration [0-7]: WB  WT  UC- UC  WB  WT  UC- UC  
[    0.000000] found SMP MP-table at [mem 0x0009fff0-0x0009ffff]
[    0.000000] Scanning 1 areas for low memory corruption
[    0.000000] RAMDISK: [mem 0x359cb000-0x36cdcfff]
[    0.000000] ACPI: Early table checksum verification disabled
[    0.000000] ACPI: RSDP 0x00000000000E0000 000024 (v02 VBOX  )
[    0.000000] ACPI: XSDT 0x000000007FFF0030 00003C (v01 VBOX   VBOXXSDT 00000001 ASL  00000061)
[    0.000000] ACPI: FACP 0x000000007FFF00F0 0000F4 (v04 VBOX   VBOXFACP 00000001 ASL  00000061)
[    0.000000] ACPI: DSDT 0x000000007FFF0470 002325 (v02 VBOX   VBOXBIOS 00000002 INTL 20100528)
[    0.000000] ACPI: FACS 0x000000007FFF0200 000040
[    0.000000] ACPI: FACS 0x000000007FFF0200 000040
[    0.000000] ACPI: APIC 0x000000007FFF0240 00005C (v02 VBOX   VBOXAPIC 00000001 ASL  00000061)
[    0.000000] ACPI: SSDT 0x000000007FFF02A0 0001CC (v01 VBOX   VBOXCPUT 00000002 INTL 20100528)
[    0.000000] ACPI: Reserving FACP table memory at [mem 0x7fff00f0-0x7fff01e3]
[    0.000000] ACPI: Reserving DSDT table memory at [mem 0x7fff0470-0x7fff2794]
[    0.000000] ACPI: Reserving FACS table memory at [mem 0x7fff0200-0x7fff023f]
[    0.000000] ACPI: Reserving FACS table memory at [mem 0x7fff0200-0x7fff023f]
[    0.000000] ACPI: Reserving APIC table memory at [mem 0x7fff0240-0x7fff029b]
[    0.000000] ACPI: Reserving SSDT table memory at [mem 0x7fff02a0-0x7fff046b]
[    0.000000] No NUMA configuration found
[    0.000000] Faking a node at [mem 0x0000000000000000-0x000000007ffeffff]
[    0.000000] NODE_DATA(0) allocated [mem 0x7ffc5000-0x7ffeffff]
[    0.000000] kvm-clock: cpu 0, msr 0:7ff44001, primary cpu clock
[    0.000000] kvm-clock: Using msrs 4b564d01 and 4b564d00
[    0.000000] kvm-clock: using sched offset of 4693569690 cycles
[    0.000000] clocksource: kvm-clock: mask: 0xffffffffffffffff max_cycles: 0x1cd42e4dffb, max_idle_ns: 881590591483 ns
[    0.000000] Zone ranges:
[    0.000000]   DMA      [mem 0x0000000000001000-0x0000000000ffffff]
[    0.000000]   DMA32    [mem 0x0000000001000000-0x000000007ffeffff]
[    0.000000]   Normal   empty
[    0.000000]   Device   empty
[    0.000000] Movable zone start for each node
[    0.000000] Early memory node ranges
[    0.000000]   node   0: [mem 0x0000000000001000-0x000000000009efff]
[    0.000000]   node   0: [mem 0x0000000000100000-0x000000007ffeffff]
[    0.000000] Reserved but unavailable: 104 pages
[    0.000000] Initmem setup node 0 [mem 0x0000000000001000-0x000000007ffeffff]
[    0.000000] ACPI: PM-Timer IO Port: 0x4008
[    0.000000] IOAPIC[0]: apic_id 2, version 32, address 0xfec00000, GSI 0-23
[    0.000000] ACPI: INT_SRC_OVR (bus 0 bus_irq 0 global_irq 2 dfl dfl)
[    0.000000] ACPI: INT_SRC_OVR (bus 0 bus_irq 9 global_irq 9 low level)
[    0.000000] Using ACPI (MADT) for SMP configuration information
[    0.000000] smpboot: Allowing 2 CPUs, 0 hotplug CPUs
[    0.000000] PM: Registered nosave memory: [mem 0x00000000-0x00000fff]
[    0.000000] PM: Registered nosave memory: [mem 0x0009f000-0x0009ffff]
[    0.000000] PM: Registered nosave memory: [mem 0x000a0000-0x000effff]
[    0.000000] PM: Registered nosave memory: [mem 0x000f0000-0x000fffff]
[    0.000000] e820: [mem 0x80000000-0xfebfffff] available for PCI devices
[    0.000000] Booting paravirtualized kernel on KVM
[    0.000000] clocksource: refined-jiffies: mask: 0xffffffff max_cycles: 0xffffffff, max_idle_ns: 7645519600211568 ns
[    0.000000] random: get_random_bytes called from start_kernel+0x99/0x500 with crng_init=0
[    0.000000] setup_percpu: NR_CPUS:8192 nr_cpumask_bits:2 nr_cpu_ids:2 nr_node_ids:1
[    0.000000] percpu: Embedded 45 pages/cpu s147456 r8192 d28672 u1048576
[    0.000000] PV qspinlock hash table entries: 256 (order: 0, 4096 bytes)
[    0.000000] Built 1 zonelists, mobility grouping on.  Total pages: 515961
[    0.000000] Policy zone: DMA32
[    0.000000] Kernel command line: BOOT_IMAGE=/boot/vmlinuz-4.15.0-159-generic root=LABEL=cloudimg-rootfs ro console=tty1 console=ttyS0
[    0.000000] Memory: 2014900K/2096696K available (12300K kernel code, 2483K rwdata, 4320K rodata, 2448K init, 2724K bss, 81796K reserved, 0K cma-reserved)
[    0.000000] SLUB: HWalign=64, Order=0-3, MinObjects=0, CPUs=2, Nodes=1
[    0.000000] Kernel/User page tables isolation: enabled
[    0.000000] ftrace: allocating 39471 entries in 155 pages
[    0.004000] Hierarchical RCU implementation.
[    0.004000] 	RCU restricting CPUs from NR_CPUS=8192 to nr_cpu_ids=2.
[    0.004000] 	Tasks RCU enabled.
[    0.004000] RCU: Adjusting geometry for rcu_fanout_leaf=16, nr_cpu_ids=2
[    0.004000] NR_IRQS: 524544, nr_irqs: 440, preallocated irqs: 16
[    0.004000] Console: colour VGA+ 80x25
[    0.004000] console [tty1] enabled
[    0.004000] console [ttyS0] enabled
[    0.004000] ACPI: Core revision 20170831
[    0.004000] ACPI: 2 ACPI AML tables successfully acquired and loaded
[    0.004000] APIC: Switch to symmetric I/O mode setup
[    0.004000] ..TIMER: vector=0x30 apic1=0 pin1=2 apic2=-1 pin2=-1
[    0.004004] tsc: Detected 3695.996 MHz processor
[    0.008009] Calibrating delay loop (skipped) preset value.. 7391.99 BogoMIPS (lpj=14783984)
[    0.012002] pid_max: default: 32768 minimum: 301
[    0.016064] Security Framework initialized
[    0.020002] Yama: becoming mindful.
[    0.024076] AppArmor: AppArmor initialized
[    0.037664] Dentry cache hash table entries: 262144 (order: 9, 2097152 bytes)
[    0.046327] Inode-cache hash table entries: 131072 (order: 8, 1048576 bytes)
[    0.048130] Mount-cache hash table entries: 4096 (order: 3, 32768 bytes)
[    0.052122] Mountpoint-cache hash table entries: 4096 (order: 3, 32768 bytes)
[    0.057480] Last level iTLB entries: 4KB 64, 2MB 8, 4MB 8
[    0.060002] Last level dTLB entries: 4KB 64, 2MB 0, 4MB 0, 1GB 4
[    0.064003] Spectre V1 : Mitigation: usercopy/swapgs barriers and __user pointer sanitization
[    0.068002] Spectre V2 : Mitigation: Full generic retpoline
[    0.076002] Spectre V2 : Spectre v2 / SpectreRSB mitigation: Filling RSB on context switch
[    0.080002] Speculative Store Bypass: Vulnerable
[    0.084033] MDS: Mitigation: Clear CPU buffers
[    0.088128] Freeing SMP alternatives memory: 36K
[    0.202554] smpboot: CPU0: Intel(R) Core(TM) i7-8700K CPU @ 3.70GHz (family: 0x6, model: 0x9e, stepping: 0xa)
[    0.204402] Performance Events: unsupported p6 CPU model 158 no PMU driver, software events only.
[    0.208086] Hierarchical SRCU implementation.
[    0.212704] NMI watchdog: Perf event create on CPU 0 failed with -2
[    0.216002] NMI watchdog: Perf NMI watchdog permanently disabled
[    0.220298] smp: Bringing up secondary CPUs ...
[    0.224885] x86: Booting SMP configuration:
[    0.228002] .... node  #0, CPUs:      #1
[    0.004000] kvm-clock: cpu 1, msr 0:7ff44041, secondary cpu clock
[    0.240000] TSC synchronization [CPU#0 -> CPU#1]:
[    0.240000] Measured 74783 cycles TSC warp between CPUs, turning off TSC clock.
[    0.240000] tsc: Marking TSC unstable due to check_tsc_sync_source failed
[    0.244235] smp: Brought up 1 node, 2 CPUs
[    0.248003] smpboot: Max logical packages: 1
[    0.251640] smpboot: Total of 2 processors activated (14783.98 BogoMIPS)
[    0.256510] devtmpfs: initialized
[    0.259153] x86/mm: Memory block size: 128MB
[    0.260544] evm: security.selinux
[    0.264002] evm: security.SMACK64
[    0.268002] evm: security.SMACK64EXEC
[    0.271062] evm: security.SMACK64TRANSMUTE
[    0.272002] evm: security.SMACK64MMAP
[    0.276002] evm: security.apparmor
[    0.278802] evm: security.ima
[    0.280002] evm: security.capability
[    0.284420] clocksource: jiffies: mask: 0xffffffff max_cycles: 0xffffffff, max_idle_ns: 7645041785100000 ns
[    0.288006] futex hash table entries: 512 (order: 3, 32768 bytes)
[    0.292138] pinctrl core: initialized pinctrl subsystem
[    0.296512] RTC time:  8:42:23, date: 10/20/21
[    0.301025] NET: Registered protocol family 16
[    0.304157] audit: initializing netlink subsys (disabled)
[    0.308183] audit: type=2000 audit(1634719350.008:1): state=initialized audit_enabled=0 res=1
[    0.320005] cpuidle: using governor ladder
[    0.324006] cpuidle: using governor menu
[    0.327235] ACPI: bus type PCI registered
[    0.328002] acpiphp: ACPI Hot Plug PCI Controller Driver version: 0.5
[    0.336156] PCI: Using configuration type 1 for base access
[    0.344294] HugeTLB registered 2.00 MiB page size, pre-allocated 0 pages
[    0.352571] ACPI: Added _OSI(Module Device)
[    0.356006] ACPI: Added _OSI(Processor Device)
[    0.359688] ACPI: Added _OSI(3.0 _SCP Extensions)
[    0.360002] ACPI: Added _OSI(Processor Aggregator Device)
[    0.364002] ACPI: Added _OSI(Linux-Dell-Video)
[    0.368002] ACPI: Added _OSI(Linux-Lenovo-NV-HDMI-Audio)
[    0.372002] ACPI: Added _OSI(Linux-HPI-Hybrid-Graphics)
[    0.376841] ACPI: Executed 1 blocks of module-level executable AML code
[    0.385656] ACPI: Interpreter enabled
[    0.388010] ACPI: (supports S0 S5)
[    0.392002] ACPI: Using IOAPIC for interrupt routing
[    0.396361] PCI: Using host bridge windows from ACPI; if necessary, use "pci=nocrs" and report a bug
[    0.400225] ACPI: Enabled 2 GPEs in block 00 to 07
[    0.418090] ACPI: PCI Root Bridge [PCI0] (domain 0000 [bus 00-ff])
[    0.420005] acpi PNP0A03:00: _OSC: OS supports [ASPM ClockPM Segments MSI]
[    0.424811] acpi PNP0A03:00: _OSC: not requesting OS control; OS requires [ExtendedConfig ASPM ClockPM MSI]
[    0.428010] acpi PNP0A03:00: fail to add MMCONFIG information, can't access extended PCI configuration space under this bridge.
[    0.436538] PCI host bridge to bus 0000:00
[    0.440003] pci_bus 0000:00: root bus resource [io  0x0000-0x0cf7 window]
[    0.444003] pci_bus 0000:00: root bus resource [io  0x0d00-0xffff window]
[    0.448003] pci_bus 0000:00: root bus resource [mem 0x000a0000-0x000bffff window]
[    0.452003] pci_bus 0000:00: root bus resource [mem 0x80000000-0xfdffffff window]
[    0.456003] pci_bus 0000:00: root bus resource [bus 00-ff]
[    0.468584] pci 0000:00:01.1: legacy IDE quirk: reg 0x10: [io  0x01f0-0x01f7]
[    0.472002] pci 0000:00:01.1: legacy IDE quirk: reg 0x14: [io  0x03f6]
[    0.476003] pci 0000:00:01.1: legacy IDE quirk: reg 0x18: [io  0x0170-0x0177]
[    0.480002] pci 0000:00:01.1: legacy IDE quirk: reg 0x1c: [io  0x0376]
[    0.556872] pci 0000:00:07.0: quirk: [io  0x4000-0x403f] claimed by PIIX4 ACPI
[    0.568035] pci 0000:00:07.0: quirk: [io  0x4100-0x410f] claimed by PIIX4 SMB
[    0.590006] ACPI: PCI Interrupt Link [LNKA] (IRQs 5 9 10 *11)
[    0.600541] ACPI: PCI Interrupt Link [LNKB] (IRQs 5 9 *10 11)
[    0.612194] ACPI: PCI Interrupt Link [LNKC] (IRQs 5 *9 10 11)
[    0.620220] ACPI: PCI Interrupt Link [LNKD] (IRQs 5 9 10 *11)
[    0.632695] SCSI subsystem initialized
[    0.640186] pci 0000:00:02.0: vgaarb: setting as boot VGA device
[    0.644000] pci 0000:00:02.0: vgaarb: VGA device added: decodes=io+mem,owns=io+mem,locks=none
[    0.664004] pci 0000:00:02.0: vgaarb: bridge control possible
[    0.672002] vgaarb: loaded
[    0.680046] ACPI: bus type USB registered
[    0.684031] usbcore: registered new interface driver usbfs
[    0.696008] usbcore: registered new interface driver hub
[    0.704008] usbcore: registered new device driver usb
[    0.712136] EDAC MC: Ver: 3.0.0
[    0.720777] PCI: Using ACPI for IRQ routing
[    0.728719] NetLabel: Initializing
[    0.736002] NetLabel:  domain hash size = 128
[    0.744001] NetLabel:  protocols = UNLABELED CIPSOv4 CALIPSO
[    0.752014] NetLabel:  unlabeled traffic allowed by default
[    0.764006] clocksource: Switched to clocksource kvm-clock
[    0.818091] VFS: Disk quotas dquot_6.6.0
[    0.822151] VFS: Dquot-cache hash table entries: 512 (order 0, 4096 bytes)
[    0.828684] AppArmor: AppArmor Filesystem Enabled
[    0.833172] pnp: PnP ACPI init
[    0.837741] pnp: PnP ACPI: found 3 devices
[    0.849296] clocksource: acpi_pm: mask: 0xffffff max_cycles: 0xffffff, max_idle_ns: 2085701024 ns
[    0.857421] NET: Registered protocol family 2
[    0.862721] IP idents hash table entries: 32768 (order: 6, 262144 bytes)
[    0.869146] TCP established hash table entries: 16384 (order: 5, 131072 bytes)
[    0.876590] TCP bind hash table entries: 16384 (order: 6, 262144 bytes)
[    0.886182] TCP: Hash tables configured (established 16384 bind 16384)
[    0.892719] UDP hash table entries: 1024 (order: 3, 32768 bytes)
[    0.898506] UDP-Lite hash table entries: 1024 (order: 3, 32768 bytes)
[    0.905082] NET: Registered protocol family 1
[    0.910394] pci 0000:00:00.0: Limiting direct PCI/PCI transfers
[    0.916147] pci 0000:00:01.0: Activating ISA DMA hang workarounds
[    0.922213] pci 0000:00:02.0: Video device with shadowed ROM at [mem 0x000c0000-0x000dffff]
[    0.929889] Unpacking initramfs...
[    1.415819] Freeing initrd memory: 19528K
[    1.420377] clocksource: tsc: mask: 0xffffffffffffffff max_cycles: 0x6a8d1fbf22a, max_idle_ns: 881590537935 ns
[    1.428856] platform rtc_cmos: registered platform RTC device (no PNP device found)
[    1.435718] Scanning for low memory corruption every 60 seconds
[    1.442734] Initialise system trusted keyrings
[    1.447183] Key type blacklist registered
[    1.451405] workingset: timestamp_bits=36 max_order=19 bucket_order=0
[    1.460333] zbud: loaded
[    1.464669] squashfs: version 4.0 (2009/01/31) Phillip Lougher
[    1.470705] fuse init (API version 7.26)
[    1.493491] Key type asymmetric registered
[    1.497618] Asymmetric key parser 'x509' registered
[    1.502384] Block layer SCSI generic (bsg) driver version 0.4 loaded (major 246)
[    1.509526] io scheduler noop registered
[    1.513521] io scheduler deadline registered
[    1.517673] io scheduler cfq registered (default)
[    1.522961] ACPI: AC Adapter [AC] (on-line)
[    1.527343] input: Power Button as /devices/LNXSYSTM:00/LNXPWRBN:00/input/input0
[    1.534284] ACPI: Power Button [PWRF]
[    1.538281] input: Sleep Button as /devices/LNXSYSTM:00/LNXSLPBN:00/input/input1
[    1.544774] ACPI: Sleep Button [SLPF]
[    1.549363] Serial: 8250/16550 driver, 32 ports, IRQ sharing enabled
[    1.585194] 00:02: ttyS0 at I/O 0x3f8 (irq = 4, base_baud = 115200) is a 16550A
[    1.593618] Linux agpgart interface v0.103
[    1.605602] loop: module loaded
[    1.611237] scsi host0: ata_piix
[    1.615674] scsi host1: ata_piix
[    1.619054] ata1: PATA max UDMA/33 cmd 0x1f0 ctl 0x3f6 bmdma 0xd000 irq 14
[    1.625453] ata2: PATA max UDMA/33 cmd 0x170 ctl 0x376 bmdma 0xd008 irq 15
[    1.632304] libphy: Fixed MDIO Bus: probed
[    1.636630] tun: Universal TUN/TAP device driver, 1.6
[    1.641188] PPP generic driver version 2.4.2
[    1.645562] ehci_hcd: USB 2.0 'Enhanced' Host Controller (EHCI) Driver
[    1.651491] ehci-pci: EHCI PCI platform driver
[    1.656002] ehci-platform: EHCI generic platform driver
[    1.660942] ohci_hcd: USB 1.1 'Open' Host Controller (OHCI) Driver
[    1.666520] ohci-pci: OHCI PCI platform driver
[    1.670832] ohci-platform: OHCI generic platform driver
[    1.675417] uhci_hcd: USB Universal Host Controller Interface driver
[    1.681460] i8042: PNP: PS/2 Controller [PNP0303:PS2K,PNP0f03:PS2M] at 0x60,0x64 irq 1,12
[    1.691527] serio: i8042 KBD port at 0x60,0x64 irq 1
[    1.696505] serio: i8042 AUX port at 0x60,0x64 irq 12
[    1.701364] mousedev: PS/2 mouse device common for all mice
[    1.708449] input: AT Translated Set 2 keyboard as /devices/platform/i8042/serio0/input/input2
[    1.718696] rtc_cmos rtc_cmos: rtc core: registered rtc_cmos as rtc0
[    1.724530] rtc_cmos rtc_cmos: alarms up to one day, 114 bytes nvram
[    1.729637] i2c /dev entries driver
[    1.732487] device-mapper: uevent: version 1.0.3
[    1.736615] device-mapper: ioctl: 4.37.0-ioctl (2017-09-20) initialised: dm-devel@redhat.com
[    1.743921] ledtrig-cpu: registered to indicate activity on CPUs
[    1.750517] NET: Registered protocol family 10
[    1.762140] Segment Routing with IPv6
[    1.765340] NET: Registered protocol family 17
[    1.769627] Key type dns_resolver registered
[    1.773968] mce: Using 0 MCE banks
[    1.777082] RAS: Correctable Errors collector initialized.
[    1.781514] sched_clock: Marking stable (1781474059, 0)->(2732673951, -951199892)
[    1.796362] registered taskstats version 1
[    1.800506] Loading compiled-in X.509 certificates
[    1.848742] Loaded X.509 cert 'Build time autogenerated kernel key: bf5768e0b2369bd53acb56866ca104cf5a2c379b'
[    1.858252] Loaded X.509 cert 'Canonical Ltd. Live Patch Signing: 14df34d1a87cf37625abec039ef2bf521249b969'
[    1.867024] Loaded X.509 cert 'Canonical Ltd. Kernel Module Signing: 88f752e560a1e0737e31163a466ad7b70a850c19'
[    1.875557] zswap: loaded using pool lzo/zbud
[    1.889128] Key type big_key registered
[    1.892997] Key type trusted registered
[    1.900501] Key type encrypted registered
[    1.904505] AppArmor: AppArmor sha1 policy hashing enabled
[    1.909645] ima: No TPM chip found, activating TPM-bypass! (rc=-19)
[    1.915323] ima: Allocated hash algorithm: sha1
[    1.919710] evm: HMAC attrs: 0x1
[    1.923387]   Magic number: 9:60:726
[    1.926994] block loop6: hash matches
[    1.931034] rtc_cmos rtc_cmos: setting system clock to 2021-10-20 08:42:25 UTC (1634719345)
[    1.938743] BIOS EDD facility v0.16 2004-Jun-25, 0 devices found
[    1.945053] EDD information not available.
[    1.952248] Freeing unused kernel image memory: 2448K
[    1.976410] Write protecting the kernel read-only data: 20480k
[    1.984230] Freeing unused kernel image memory: 2008K
[    1.989389] Freeing unused kernel image memory: 1824K
[    1.998788] x86/mm: Checked W+X mappings: passed, no W+X pages found.
[    2.004818] x86/mm: Checking user space page tables
[    2.013452] x86/mm: Checked W+X mappings: passed, no W+X pages found.
Loading, please wait...
starting version 237
[    2.094375] Fusion MPT base driver 3.04.20
[    2.098709] Copyright (c) 1999-2008 LSI Corporation
[    2.107657] e1000: Intel(R) PRO/1000 Network Driver - version 7.3.21-k8-NAPI
[    2.114571] e1000: Copyright (c) 1999-2006 Intel Corporation.
[    2.143852] Fusion MPT SPI Host driver 3.04.20
[    2.324420] input: ImExPS/2 Generic Explorer Mouse as /devices/platform/i8042/serio1/input/input4
[    2.795285] e1000 0000:00:03.0 eth0: (PCI:33MHz:32-bit) 02:2f:77:f1:0c:e0
[    2.801400] e1000 0000:00:03.0 eth0: Intel(R) PRO/1000 Network Connection
[    2.809910] e1000 0000:00:03.0 enp0s3: renamed from eth0
[    2.815677] mptbase: ioc0: Initiating bringup
[    3.270781] ioc0: LSI53C1030 A0: Capabilities={Initiator}
[    4.355309] scsi host2: ioc0: LSI53C1030 A0, FwRev=00000000h, Ports=1, MaxQ=256, IRQ=20
[    5.428537] scsi 2:0:0:0: Direct-Access     VBOX     HARDDISK         1.0  PQ: 0 ANSI: 5
[    6.391301] scsi target2:0:0: Beginning Domain Validation
[    6.401350] scsi target2:0:0: Domain Validation skipping write tests
[    6.406549] scsi target2:0:0: Ending Domain Validation
[    6.411373] scsi target2:0:0: asynchronous
[    6.416454] scsi 2:0:1:0: Direct-Access     VBOX     HARDDISK         1.0  PQ: 0 ANSI: 5
[    7.387857] scsi target2:0:1: Beginning Domain Validation
[    7.393718] random: fast init done
[    7.404447] scsi target2:0:1: Domain Validation skipping write tests
[    7.410032] scsi target2:0:1: Ending Domain Validation
[    7.414659] scsi target2:0:1: asynchronous
[    7.430085] random: systemd-udevd: uninitialized urandom read (16 bytes read)
[    7.430155] sd 2:0:0:0: Attached scsi generic sg0 type 0
[    7.437830] random: systemd-udevd: uninitialized urandom read (16 bytes read)
[    7.443133] sd 2:0:1:0: Attached scsi generic sg1 type 0
[    7.449611] random: systemd-udevd: uninitialized urandom read (16 bytes read)
[    7.461684] sd 2:0:1:0: [sdb] 20480 512-byte logical blocks: (10.5 MB/10.0 MiB)
[    7.468889] sd 2:0:0:0: [sda] 83886080 512-byte logical blocks: (42.9 GB/40.0 GiB)
[    7.476392] sd 2:0:0:0: [sda] Write Protect is off
[    7.481440] sd 2:0:1:0: [sdb] Write Protect is off
[    7.486554] sd 2:0:0:0: [sda] Incomplete mode parameter data
[    7.492398] sd 2:0:0:0: [sda] Assuming drive cache: write through
[    7.498055] sd 2:0:1:0: [sdb] Incomplete mode parameter data
[    7.503487] sd 2:0:1:0: [sdb] Assuming drive cache: write through
[    7.515911]  sda: sda1
[    7.523526] sd 2:0:0:0: [sda] Attached SCSI disk
[    7.528101] sd 2:0:1:0: [sdb] Attached SCSI disk
Begin: Loading essential drivers ... [    9.480836] raid6: sse2x1   gen() 14874 MB/s
[    9.532542] raid6: sse2x1   xor() 10386 MB/s
[    9.584353] raid6: sse2x2   gen() 16923 MB/s
[    9.636195] raid6: sse2x2   xor() 12375 MB/s
[    9.688112] raid6: sse2x4   gen() 19972 MB/s
[    9.740578] raid6: sse2x4   xor() 13142 MB/s
[    9.744574] raid6: using algorithm sse2x4 gen() 19972 MB/s
[    9.749105] raid6: .... xor() 13142 MB/s, rmw enabled
[    9.753372] raid6: using ssse3x2 recovery algorithm
[    9.759191] xor: measuring software checksum speed
[    9.800235]    prefetch64-sse: 26639.000 MB/sec
[    9.844155]    generic_sse: 25985.000 MB/sec
[    9.848222] xor: using function: prefetch64-sse (26639.000 MB/sec)
[    9.855110] async_tx: api initialized (async)
done.
Begin: Running /scripts/init-premount ... done.
Begin: Mounting root file system ... Begin: Running /scripts/local-top ... done.
Begin: Running /scripts/local-premount ... [    9.916726] Btrfs loaded, crc32c=crc32c-intel
Scanning for Btrfs filesystems
done.
Warning: fsck not present, so skipping root file system
[    9.971709] EXT4-fs (sda1): mounted filesystem with ordered data mode. Opts: (null)
done.
Begin: Running /scripts/local-bottom ... done.
Begin: Running /scripts/init-bottom ... done.
[   10.212468] ip_tables: (C) 2000-2006 Netfilter Core Team
[   10.230539] systemd[1]: systemd 237 running in system mode. (+PAM +AUDIT +SELINUX +IMA +APPARMOR +SMACK +SYSVINIT +UTMP +LIBCRYPTSETUP +GCRYPT +GNUTLS +ACL +XZ +LZ4 +SECCOMP +BLKID +ELFUTILS +KMOD -IDN2 +IDN -PCRE2 default-hierarchy=hybrid)
[   10.248190] systemd[1]: Detected virtualization oracle.
[   10.252872] systemd[1]: Detected architecture x86-64.

Welcome to [1mUbuntu 18.04.6 LTS[0m!

[   10.284134] systemd[1]: Set hostname to <ubuntu>.
[   10.296471] systemd[1]: Initializing machine ID from random generator.
[   10.302199] systemd[1]: Installed transient /etc/machine-id file.
[   10.728788] systemd[1]: Created slice User and Session Slice.
[[0;32m  OK  [0m] Created slice User and Session Slice.
[   10.735682] systemd[1]: Reached target Swap.
[[0;32m  OK  [0m] Reached target Swap.
[   10.740999] systemd[1]: Reached target User and Group Name Lookups.
[[0;32m  OK  [0m] Reached target User and Group Name Lookups.
[   10.748240] systemd[1]: Started Forward Password Requests to Wall Directory Watch.
[[0;32m  OK  [0m] Started Forward Password Requests to Wall Directory Watch.
[[0;32m  OK  [0m] Reached target System Time Synchronized.
[[0;32m  OK  [0m] Set up automount Arbitrary Executab…rmats File System Automount Point.
[[0;32m  OK  [0m] Created slice System Slice.
[[0;32m  OK  [0m] Created slice system-serial\x2dgetty.slice.
[[0;32m  OK  [0m] Listening on LVM2 metadata daemon socket.
[[0;32m  OK  [0m] Listening on fsck to fsckd communication Socket.
[[0;32m  OK  [0m] Listening on Network Service Netlink Socket.
[[0;32m  OK  [0m] Listening on udev Control Socket.
[[0;32m  OK  [0m] Listening on Journal Socket (/dev/log).
[[0;32m  OK  [0m] Listening on udev Kernel Socket.
[[0;32m  OK  [0m] Listening on Syslog Socket.
[[0;32m  OK  [0m] Listening on Journal Audit Socket.
[[0;32m  OK  [0m] Listening on /dev/initctl Compatibility Named Pipe.
[[0;32m  OK  [0m] Listening on LVM2 poll daemon socket.
[[0;32m  OK  [0m] Listening on Journal Socket.
         Starting Set the console keyboard layout...
         Starting Journal Service...
         Starting udev Coldplug all Devices...
         Starting File System Check on Root Device...
         Mounting Kernel Debug File System...
         Starting Create list of required st…ce nodes for the current kernel...
         Starting Uncomplicated firewall...
         Mounting POSIX Message Queue File System...
         Starting Load Kernel Modules...
         Mounting Huge Pages File System...
[[0;32m  OK  [0m] Listening on Device-mapper event daemon FIFOs.
         Starting Monitoring of LVM2 mirrors…ng dmeventd or progress polling...
[[0;32m  OK  [0m] Reached target Slices.
[[0;32m  OK  [0m] Started Journal Service.
[[0;32m  OK  [0m] Mounted Kernel Debug File System.
[   10.895421] Loading iSCSI transport class v2.0-870.
[[0;32m  OK  [0m] Started Create list of required sta…vice nodes for the current kernel.
[[0;32m  OK  [0m] Started Uncomplicated firewall.
[[0;32m  OK  [0m] Mounted POSIX Message Queue File System.[   10.915248] iscsi: registered transport (tcp)

[[0;32m  OK  [0m] Mounted Huge Pages File System.
[[0;32m  OK  [0m] Started File System Check Daemon to report status.
         Starting Create Static Device Nodes in /dev...
[[0;32m  OK  [0m] Started udev Coldplug all Devices.
[[0;32m  OK  [0m] Started LVM2 metadata daemon.
[[0;32m  OK  [0m] Started File System Check on Root Device.
         Starting Remount Root and Kernel File Systems...
[[0;32m  OK  [0m] Started Create Static Device Nodes in /dev.
[[0;32m  OK  [0m] Started Set the console keyboard layout.
[   11.066311] iscsi: registered transport (iser)
[[0;32m  OK  [0m] Started Load Kernel Modules.
         Starting Apply Kernel Variables...
         Mounting Kernel Configuration File System...
         Mounting FUSE Control File System...
[   11.086908] EXT4-fs (sda1): re-mounted. Opts: (null)
[[0;32m  OK  [0m] Mounted Kernel Configuration File System.
[[0;32m  OK  [0m] Started Remount Root and Kernel File Systems.
[[0;32m  OK  [0m] Mounted FUSE Control File System.
         Starting Load/Save Random Seed...
         Starting Flush Journal to Persistent Storage...
         Starting udev Kernel Device Manager...
[[0;32m  OK  [0m] Started Monitoring of LVM2 mirrors,…sing dmeventd or progress polling.
[[0;32m  OK  [0m] Started Apply Kernel Variables.
[[0;32m  OK  [0m] Started Load/Save Random Seed.
[[0;32m  OK  [0m] Reached target Local File Systems (Pre).
[[0;32m  OK  [0m] Reached target Local File Systems.
         Starting ebtables ruleset management...
         Starting Set console font and keymap...
         Starting AppArmor initialization...
         Starting Commit a transient machine-id on disk...
         Starting Tell Plymouth To Write Out Runtime Data...
[[0;32m  OK  [0m] Started Set console font and keymap.
[[0;32m  OK  [0m] Started udev Kernel Device Manager.
[[0;32m  OK  [0m] Started Dispatch Password Requests to Console Directory Watch.
[[0;32m  OK  [0m] Reached target Local Encrypted Volumes.
[[0;32m  OK  [0m] Started Tell Plymouth To Write Out Runtime Data.
[[0;32m  OK  [0m] Started Flush Journal to Persistent Storage.
         Starting Create Volatile Files and Directories...
[[0;32m  OK  [0m] Started Commit a transient machine-id on disk.
[[0;32m  OK  [0m] Started Create Volatile Files and Directories.
         Starting Update UTMP about System Boot/Shutdown...
[[0;32m  OK  [0m] Started ebtables ruleset management.
[[0;32m  OK  [0m] Started Update UTMP about System Boot/Shutdown.
[[0;32m  OK  [0m] Found device /dev/ttyS0.
[[0;32m  OK  [0m] Listening on Load/Save RF Kill Switch Status /dev/rfkill Watch.
[[0;32m  OK  [0m] Started AppArmor initialization.
         Starting Initial cloud-init job (pre-networking)...
         Starting Load AppArmor profiles managed internally by snapd...
[[0;32m  OK  [0m] Started Load AppArmor profiles managed internally by snapd.
[   13.531997] cloud-init[549]: Cloud-init v. 21.2-3-g899bfaa9-0ubuntu2~18.04.1 running 'init-local' at Wed, 20 Oct 2021 08:42:36 +0000. Up 13.19 seconds.
[[0;32m  OK  [0m] Started Initial cloud-init job (pre-networking).
[[0;32m  OK  [0m] Reached target Network (Pre).
         Starting Network Service...
[[0;32m  OK  [0m] Started Network Service.
         Starting Wait for Network to be Configured...
         Starting Network Name Resolution...
[[0;32m  OK  [0m] Started Network Name Resolution.
[[0;32m  OK  [0m] Reached target Host and Network Name Lookups.
[[0;32m  OK  [0m] Reached target Network.
[[0;32m  OK  [0m] Started Wait for Network to be Configured.
         Starting Initial cloud-init job (metadata service crawler)...
[   15.824798] cloud-init[696]: Cloud-init v. 21.2-3-g899bfaa9-0ubuntu2~18.04.1 running 'init' at Wed, 20 Oct 2021 08:42:39 +0000. Up 15.72 seconds.
[   15.829044] cloud-init[696]: ci-info: +++++++++++++++++++++++++++++++++++++Net device info++++++++++++++++++++++++++++++++++++++
[   15.832697] cloud-init[696]: ci-info: +--------+------+---------------------------+---------------+--------+-------------------+
[   15.836312] cloud-init[696]: ci-info: | Device |  Up  |          Address          |      Mask     | Scope  |     Hw-Address    |
[   15.840032] cloud-init[696]: ci-info: +--------+------+---------------------------+---------------+--------+-------------------+
[   15.843898] cloud-init[696]: ci-info: | enp0s3 | True |         10.0.2.15         | 255.255.255.0 | global | 02:2f:77:f1:0c:e0 |
[   15.847498] cloud-init[696]: ci-info: | enp0s3 | True | fe80::2f:77ff:fef1:ce0/64 |       .       |  link  | 02:2f:77:f1:0c:e0 |
[   15.851131] cloud-init[696]: ci-info: |   lo   | True |         127.0.0.1         |   255.0.0.0   |  host  |         .         |
[   15.854588] cloud-init[696]: ci-info: |   lo   | True |          ::1/128          |       .       |  host  |         .         |
[   15.857989] cloud-init[696]: ci-info: +--------+------+---------------------------+---------------+--------+-------------------+
[   15.861393] cloud-init[696]: ci-info: ++++++++++++++++++++++++++++Route IPv4 info+++++++++++++++++++++++++++++
[   15.864325] cloud-init[696]: ci-info: +-------+-------------+----------+-----------------+-----------+-------+
[   15.867287] cloud-init[696]: ci-info: | Route | Destination | Gateway  |     Genmask     | Interface | Flags |
[   15.870259] cloud-init[696]: ci-info: +-------+-------------+----------+-----------------+-----------+-------+
[   15.873253] cloud-init[696]: ci-info: |   0   |   0.0.0.0   | 10.0.2.2 |     0.0.0.0     |   enp0s3  |   UG  |
[   15.876679] cloud-init[696]: ci-info: |   1   |   10.0.2.0  | 0.0.0.0  |  255.255.255.0  |   enp0s3  |   U   |
[   15.881984] cloud-init[696]: ci-info: |   2   |   10.0.2.2  | 0.0.0.0  | 255.255.255.255 |   enp0s3  |   UH  |
[   15.888562] cloud-init[696]: ci-info: +-------+-------------+----------+-----------------+-----------+-------+
[   15.895731] cloud-init[696]: ci-info: +++++++++++++++++++Route IPv6 info+++++++++++++++++++
[   15.900722] cloud-init[696]: ci-info: +-------+-------------+---------+-----------+-------+
[   15.905679] cloud-init[696]: ci-info: | Route | Destination | Gateway | Interface | Flags |
[   15.911139] cloud-init[696]: ci-info: +-------+-------------+---------+-----------+-------+
[   15.916422] cloud-init[696]: ci-info: |   1   |  fe80::/64  |    ::   |   enp0s3  |   U   |
[   15.921695] cloud-init[696]: ci-info: |   3   |    local    |    ::   |   enp0s3  |   U   |
[   15.927388] cloud-init[696]: ci-info: |   4   |   ff00::/8  |    ::   |   enp0s3  |   U   |
[   15.932354] cloud-init[696]: ci-info: +-------+-------------+---------+-----------+-------+
[   16.777928] cloud-init[696]: Generating public/private rsa key pair.
[   16.782415] cloud-init[696]: Your identification has been saved in /etc/ssh/ssh_host_rsa_key.
[   16.787529] cloud-init[696]: Your public key has been saved in /etc/ssh/ssh_host_rsa_key.pub.
[   16.792898] cloud-init[696]: The key fingerprint is:
[   16.796875] cloud-init[696]: SHA256:IJYcvauPbeEe8Rhp2KCLFOJEaasW7r69uC+CLHMNFtM root@ubuntu-bionic
[   16.801724] cloud-init[696]: The key's randomart image is:
[   16.805658] cloud-init[696]: +---[RSA 2048]----+
[[0;32m  OK  [0m] Started Initial cloud-init job (metadata service crawler).
[[0;32m  OK  [0m] Reached target System Initialization.
[[0;32m  OK  [0m] Started Discard unused blocks once a week.
[[0;32m  OK  [0m] Listening on D-Bus System Message Bus Socket.
[[0;32m  OK  [0m] Started Daily Cleanup of Temporary Directories.
[[0;32m  OK  [0m] Started Message of the Day.
[[0;32m  OK  [0m] Started Ubuntu Advantage update messaging.
[[0;32m  OK  [0m] Started Daily apt download activities.
[[0;32m  OK  [0m] Started Daily apt upgrade and clean activities.
[[0;32m  OK  [0m] Reached target Timers.
         Starting LXD - unix socket.
[[0;32m  OK  [0m] Listening on Open-iSCSI iscsid Socket.
[   16.831340] [[0;32m  OK  [0m] Listening on ACPID Listen Socket.
[[0;32m  OK  [0m] Started ACPI Events Check.
[[0;32m  OK  [0m] Reached target Paths.
[[0;32m  OK  [0m] Listening on UUID daemon activation socket.
         Starting Socket activation for snappy daemon.
[[0;32m  OK  [0m] Reached target Cloud-config availability.
[[0;32m  OK  [0m] Reached target Network is Online.
         Starting Availability of block devices...
[[0;32m  OK  [0m] Reached target Remote File Systems (Pre).
[[0;32m  OK  [0m] Reached target Remote File Systems.
[[0;32m  OK  [0m] Listening on LXD - unix socket.
[[0;32m  OK  [0m] Listening on Socket activation for snappy daemon.
[[0;32m  OK  [0m] Reached target Sockets.
[[0;32m  OK  [0m] Reached target Basic System.
         Starting LXD - container startup/shutdown...
[[0;32m  OK  [0m] Started Deferred execution scheduler.
         Starting System Logging Service...
         Starting LSB: automatic crash report generation...
cloud-init         Starting Login Service...
[696]: | .. ..           |
[   16.884238]          Starting Pollinate to seed the pseudo random number generator...
         Starting Permit User Sessions...
[[0;32m  OK  [0m] Started D-Bus System Message Bus.
cloud-init[696]: |.o . o.          |
[   16.909370] cloud-init[696]: |oo..* ..         |
[   16.915297] cloud-init[696]: |+o+oE=.o         |
[   16.926911] cloud-init[696]: |oooo. *.S        |
[   16.933144] cloud-init[696]: |o+o. .o=         |
[   16.940082] cloud-init[696]: |*..o oo..        |
[   16.944722] cloud-init[696]: |=++ ooo.         |
[   16.952622] cloud-init[696]: |+B=+o++          |
[   16.959625] cloud-init[696]: +----[SHA256]-----+
[   16.964981] cloud-init[696]: Generating public/private dsa key pair.
[   16.970426] cloud-init[696]: Your identification has been saved in /etc/ssh/ssh_host_dsa_key.
[   16.973080] cloud-init[696]: Your public key has been saved in /etc/ssh/ssh_host_dsa_key.pub.
[   16.976052] cloud-init[696]: The key fingerprint is:
[   16.978049] cloud-init[696]: SHA256:MGd3RsCPgNSXPWtsYl+ULkg7Y6dn/a4u7MDnN/SxVxg root@ubuntu-bionic
[   16.980890] cloud-init[696]: The key's randomart image is:
[   16.982509] cloud-init[696]: +---[DSA 1024]----+
[   16.984027] cloud-init[696]: |     ..o ..+.  . |
[   16.985762] cloud-init[696]: |      . o =.o o  |
[   16.987626] cloud-init[696]: |      o o+.*o=   |
[   16.989271] cloud-init[696]: |       = .XoO E  |
[   16.991147] cloud-init[696]: |        So X + o |
[   16.994614] cloud-init[696]: |         .. + +..|
[   16.999315] cloud-init[696]: |          o+.. o+|
[   17.007232] cloud-init[696]: |           +o o.+|
[   17.015338] cloud-init[696]: |           .o+o+o|
[   17.019421] cloud-init[696]: +----[SHA256]-----+
[   17.023514] cloud-init[696]: Generating public/private ecdsa key pair.
[   17.027985] cloud-init[696]: Your identification has been saved in /etc/ssh/ssh_host_ecdsa_key.
[   17.034797] cloud-init[696]: Your public key has been saved in /etc/ssh/ssh_host_ecdsa_key.pub.
[   17.041251] cloud-init[696]: The key fingerprint is:
[   17.046286] cloud-init[696]: SHA256:r5iu+JD5wS5ApGlQAVnqnHD9OgY9GIjwt/EX12OEugc root@ubuntu-bionic
[   17.052079] cloud-init[696]: The key's randomart image is:
[   17.058147] cloud-init[696]: +---[ECDSA 256]---+
[   17.065850] cloud-init[696]: |o=+.       ..    |
[   17.072091] cloud-init[696]: |== .      .o     |
[   17.076918] cloud-init[696]: |O.+ +   ... +    |
[   17.078542] cloud-init[696]: |*+.= =  Eo . .   |
[   17.080429] cloud-init[696]: |o+o + o So       |
[   17.082208] cloud-init[696]: |.  = o ....      |
[   17.083643] cloud-init[696]: | .+ *    ..      |
[   17.085123] cloud-init[696]: |  .* o o .       |
[   17.086684] cloud-init[696]: |  .o=o+ .        |
[   17.088366] cloud-init[696]: +----[SHA256]-----+
[   17.089852] cloud-init[696]: Generating public/private ed25519 key pair.
[   17.091978] cloud-init[696]: Your identification has been saved in /etc/ssh/ssh_host_ed25519_key.
[   17.094737] cloud-init[696]: Your public key has been saved in /etc/ssh/ssh_host_ed25519_key.pub.
[   17.097368] cloud-init[696]: The key fingerprint is:
[   17.099033] cloud-init[696]: SHA256:YwnZvLMK2+4SybDnx0tof+ZsxHcHV79yJbn+RCxjDjU root@ubuntu-bionic
[   17.101856] cloud-init[696]: The key's randomart image is:
[   17.104804] cloud-init[696]: +--[ED25519 256]--+
[   17.110746] cloud-init[696]: |                 |
[   17.115836] cloud-init[696]: |       +        .|
[   17.120280] cloud-init[696]: |      o o     Eo.|
[   17.124487] cloud-init[696]: |  .    . o  ..+oo|
[   17.128563] cloud-init[696]: |   + . .S   .o+o=|
[   17.132787] cloud-init[696]: |  . =. .o+. .=o* |
[   17.137210] cloud-init[696]: |   o+o.... . o+ .|
[   17.141350] cloud-init[696]: |   .o*oo+     .. |
[   17.146342] cloud-init[696]: |    .=B*o      ..|
[   17.150516] cloud-init[696]: +----[SHA256]-----+
[[0;32m  OK  [0m] Started Login Service.
[[0;32m  OK  [0m] Started Unattended Upgrades Shutdown.
         Starting Virtualbox guest utils...
         Starting Snap Daemon...
         Starting Accounts Service...
         Starting Dispatcher daemon for systemd-networkd...
[[0;32m  OK  [0m] Started Regular background program processing daemon.
         Starting LSB: Record successful boot for GRUB...
[[0;32m  OK  [0m] Started FUSE filesystem for LXC.
[[0;32m  OK  [0m] Started irqbalance daemon.
[[0;32m  OK  [0m] Started System Logging Service.
[[0;32m  OK  [0m] Started Availability of block devices.
[[0;32m  OK  [0m] Started LXD - container startup/shutdown.
[[0;32m  OK  [0m] Started Permit User Sessions.
         Starting Authorization Manager...
         Starting Hold until boot process finishes up...
         Starting Terminate Plymouth Boot Screen...
[[0;32m  OK  [0m] Started Hold until boot process finishes up.
         Starting Set console scheme...
[[0;32m  OK  [0m] Started Serial Getty on ttyS0.
[[0;32m  OK  [0m] Started Terminate Plymouth Boot Screen.
[[0;32m  OK  [0m] Started Set console scheme.
[[0;32m  OK  [0m] Created slice system-getty.slice.
[[0;32m  OK  [0m] Started Getty on tty1.
[[0;32m  OK  [0m] Reached target Login Prompts.
[[0;32m  OK  [0m] Started LSB: automatic crash report generation.
[[0;32m  OK  [0m] Started LSB: Record successful boot for GRUB.
[[0;32m  OK  [0m] Started Authorization Manager.
[[0;32m  OK  [0m] Started Accounts Service.
[[0;32m  OK  [0m] Started Virtualbox guest utils.
[[0;32m  OK  [0m] Started Dispatcher daemon for systemd-networkd.
[[0;32m  OK  [0m] Started Snap Daemon.
         Starting Wait until snapd is fully seeded...
[[0;32m  OK  [0m] Started Pollinate to seed the pseudo random number generator.
         Starting OpenBSD Secure Shell server...
[[0;32m  OK  [0m] Started OpenBSD Secure Shell server.
[[0;32m  OK  [0m] Created slice User Slice of vagrant.
         Starting User Manager for UID 1000...
[[0;32m  OK  [0m] Started Session 1 of user vagrant.
[[0;32m  OK  [0m] Started User Manager for UID 1000.
[[0;32m  OK  [0m] Started Wait until snapd is fully seeded.
         Starting Apply the settings specified in cloud-config...
[[0;32m  OK  [0m] Reached target Multi-User System.
[[0;32m  OK  [0m] Reached target Graphical Interface.
         Starting Update UTMP about System Runlevel Changes...
[[0;32m  OK  [0m] Started Update UTMP about System Runlevel Changes.
[   21.008941] cloud-init[1234]: Cloud-init v. 21.2-3-g899bfaa9-0ubuntu2~18.04.1 running 'modules:config' at Wed, 20 Oct 2021 08:42:43 +0000. Up 19.79 seconds.
[[0;32m  OK  [0m] Started Apply the settings specified in cloud-config.
         Starting Execute cloud user/final scripts...
ci-info: no authorized SSH keys fingerprints found for user ubuntu.
<14>Oct 20 08:42:45 cloud-init: #############################################################
<14>Oct 20 08:42:45 cloud-init: -----BEGIN SSH HOST KEY FINGERPRINTS-----
<14>Oct 20 08:42:45 cloud-init: 1024 SHA256:MGd3RsCPgNSXPWtsYl+ULkg7Y6dn/a4u7MDnN/SxVxg root@ubuntu-bionic (DSA)
<14>Oct 20 08:42:45 cloud-init: 256 SHA256:r5iu+JD5wS5ApGlQAVnqnHD9OgY9GIjwt/EX12OEugc root@ubuntu-bionic (ECDSA)
<14>Oct 20 08:42:45 cloud-init: 256 SHA256:YwnZvLMK2+4SybDnx0tof+ZsxHcHV79yJbn+RCxjDjU root@ubuntu-bionic (ED25519)
<14>Oct 20 08:42:45 cloud-init: 2048 SHA256:IJYcvauPbeEe8Rhp2KCLFOJEaasW7r69uC+CLHMNFtM root@ubuntu-bionic (RSA)
<14>Oct 20 08:42:45 cloud-init: -----END SSH HOST KEY FINGERPRINTS-----
<14>Oct 20 08:42:45 cloud-init: #############################################################
-----BEGIN SSH HOST KEY KEYS-----
ecdsa-sha2-nistp256 AAAAE2VjZHNhLXNoYTItbmlzdHAyNTYAAAAIbmlzdHAyNTYAAABBBFAMZY7n2LJn0DeysEnO3LVa5NC6UvnsWCkuFrICNkWzV/2lPN45Z3k07ifeeWV1OUoanfNNMht9tPJcHcALAVo= root@ubuntu-bionic
ssh-ed25519 AAAAC3NzaC1lZDI1NTE5AAAAIMAuUTe2AKLeVAer4SKXdkcM4t9fymIpesk5l+Jw1Oqp root@ubuntu-bionic
ssh-rsa AAAAB3NzaC1yc2EAAAADAQABAAABAQDSlkiSQS8lpdxRk6jHGFU1S+hq14PeKnHc82DOteJE1k29mepJhi1b01NNJZRJjKmti9GmfIoCUwXzB7MeJDkFR7OKWDrdXrK9NcAOjOzyiHmNqh6hSy0fBuTTG12BbryOCjx42hWJCN4wpHQiMo5CaRyGhGoFbagMjFkTSGS5v1YMJ5ud5LhyOgOdESkj6x8Bi2yHn9hM7Jmi9qLIhH5nUNfN36hpxIWc8xz9S+3uSCmlJE0wTSiTGDfM7xwYG496V6iL8H7sP6s+zV66/3lmKBkr8WnAj23skazBl+ayulD06SPAIYtEGvMRu5XgmQ4KubQya+DcLAVJ0sKd0A3r root@ubuntu-bionic
-----END SSH HOST KEY KEYS-----
[   21.515378] cloud-init[1342]: Cloud-init v. 21.2-3-g899bfaa9-0ubuntu2~18.04.1 running 'modules:final' at Wed, 20 Oct 2021 08:42:44 +0000. Up 21.32 seconds.
[   21.520159] cloud-init[1342]: ci-info: no authorized SSH keys fingerprints found for user ubuntu.
[   21.523113] cloud-init[1342]: Cloud-init v. 21.2-3-g899bfaa9-0ubuntu2~18.04.1 finished at Wed, 20 Oct 2021 08:42:45 +0000. Datasource DataSourceNoCloud [seed=/dev/sdb][dsmode=net].  Up 21.50 seconds
[[0;32m  OK  [0m] Started Execute cloud user/final scripts.
[[0;32m  OK  [0m] Reached target Cloud-init target.

Ubuntu 18.04.6 LTS ubuntu-bionic ttyS0

ubuntu-bionic login: 